# JRE version: Java(TM) SE Runtime Environment (8.0_45-b15) (build 1.8.0_45-b15)
# Java VM: Java HotSpot(TM) Client VM (25.45-b02 mixed mode windows-x86 )
Heap:
 def new generation   total 78656K, used 76358K [0x0fc00000, 0x15150000, 0x15150000)
  eden space 69952K, 100% used [0x0fc00000, 0x14050000, 0x14050000)
  from space 8704K,  73% used [0x14050000, 0x14691978, 0x148d0000)
  to   space 8704K,   0% used [0x148d0000, 0x148d0000, 0x15150000)
 tenured generation   total 174784K, used 174783K [0x15150000, 0x1fc00000, 0x1fc00000)
   the space 174784K,  99% used [0x15150000, 0x1fbffff0, 0x1fc00000, 0x1fc00000)
 Metaspace       used 105674K, capacity 109164K, committed 110720K, reserved 110976K
GC Heap History (10 events):
Event: 427.504 GC heap before
{Heap before GC invocations=693 (full 528):
 def new generation   total 78656K, used 78655K [0x0fc00000, 0x15150000, 0x15150000)
  eden space 69952K, 100% used [0x0fc00000, 0x14050000, 0x14050000)
  from space 8704K,  99% used [0x14050000, 0x148cfff0, 0x148d0000)
  to   space 8704K,   0% used [0x148d0000, 0x148d0000, 0x15150000)
 tenured generation   total 174784K, used 174784K [0x15150000, 0x1fc00000, 0x1fc00000)
   the space 174784K, 100% used [0x15150000, 0x1fc00000, 0x1fc00000, 0x1fc00000)
 Metaspace       used 105598K, capacity 109083K, committed 110592K, reserved 110976K
Event: 428.087 GC heap after
Heap after GC invocations=694 (full 529):
 def new generation   total 78656K, used 78655K [0x0fc00000, 0x15150000, 0x15150000)
  eden space 69952K,  99% used [0x0fc00000, 0x1404ff98, 0x14050000)
  from space 8704K,  99% used [0x14050000, 0x148cffc0, 0x148d0000)
  to   space 8704K,   0% used [0x148d0000, 0x148d0000, 0x15150000)
 tenured generation   total 174784K, used 174784K [0x15150000, 0x1fc00000, 0x1fc00000)
   the space 174784K, 100% used [0x15150000, 0x1fc00000, 0x1fc00000, 0x1fc00000)
 Metaspace       used 105598K, capacity 109083K, committed 110592K, reserved 110976K
}
Event: 428.088 GC heap before
{Heap before GC invocations=694 (full 529):
 def new generation   total 78656K, used 78655K [0x0fc00000, 0x15150000, 0x15150000)
  eden space 69952K,  99% used [0x0fc00000, 0x1404ffe0, 0x14050000)
  from space 8704K,  99% used [0x14050000, 0x148cfff0, 0x148d0000)
  to   space 8704K,   0% used [0x148d0000, 0x148d0000, 0x15150000)
 tenured generation   total 174784K, used 174784K [0x15150000, 0x1fc00000, 0x1fc00000)
   the space 174784K, 100% used [0x15150000, 0x1fc00000, 0x1fc00000, 0x1fc00000)
 Metaspace       used 105598K, capacity 109083K, committed 110592K, reserved 110976K
Event: 428.682 GC heap after
Heap after GC invocations=695 (full 530):
 def new generation   total 78656K, used 78653K [0x0fc00000, 0x15150000, 0x15150000)
  eden space 69952K,  99% used [0x0fc00000, 0x1404fe18, 0x14050000)
  from space 8704K,  99% used [0x14050000, 0x148cf948, 0x148d0000)
  to   space 8704K,   0% used [0x148d0000, 0x148d0000, 0x15150000)
 tenured generation   total 174784K, used 174784K [0x15150000, 0x1fc00000, 0x1fc00000)
   the space 174784K, 100% used [0x15150000, 0x1fc00000, 0x1fc00000, 0x1fc00000)
 Metaspace       used 105598K, capacity 109083K, committed 110592K, reserved 110976K
}
Event: 428.684 GC heap before
{Heap before GC invocations=695 (full 530):
 def new generation   total 78656K, used 78655K [0x0fc00000, 0x15150000, 0x15150000)
  eden space 69952K, 100% used [0x0fc00000, 0x14050000, 0x14050000)
  from space 8704K,  99% used [0x14050000, 0x148cffd8, 0x148d0000)
  to   space 8704K,   0% used [0x148d0000, 0x148d0000, 0x15150000)
 tenured generation   total 174784K, used 174784K [0x15150000, 0x1fc00000, 0x1fc00000)
   the space 174784K, 100% used [0x15150000, 0x1fc00000, 0x1fc00000, 0x1fc00000)
 Metaspace       used 105598K, capacity 109083K, committed 110592K, reserved 110976K
Event: 429.255 GC heap after
Heap after GC invocations=696 (full 531):
 def new generation   total 78656K, used 76012K [0x0fc00000, 0x15150000, 0x15150000)
  eden space 69952K,  99% used [0x0fc00000, 0x1404e430, 0x14050000)
  from space 8704K,  69% used [0x14050000, 0x1463ce68, 0x148d0000)
  to   space 8704K,   0% used [0x148d0000, 0x148d0000, 0x15150000)
 tenured generation   total 174784K, used 174784K [0x15150000, 0x1fc00000, 0x1fc00000)
   the space 174784K, 100% used [0x15150000, 0x1fc00000, 0x1fc00000, 0x1fc00000)
 Metaspace       used 105598K, capacity 109083K, committed 110592K, reserved 110976K
}
Event: 429.311 GC heap before
{Heap before GC invocations=696 (full 531):
 def new generation   total 78656K, used 78655K [0x0fc00000, 0x15150000, 0x15150000)
  eden space 69952K, 100% used [0x0fc00000, 0x14050000, 0x14050000)
  from space 8704K,  99% used [0x14050000, 0x148cffd0, 0x148d0000)
  to   space 8704K,   0% used [0x148d0000, 0x148d0000, 0x15150000)
 tenured generation   total 174784K, used 174784K [0x15150000, 0x1fc00000, 0x1fc00000)
   the space 174784K, 100% used [0x15150000, 0x1fc00000, 0x1fc00000, 0x1fc00000)
 Metaspace       used 105615K, capacity 109085K, committed 110592K, reserved 110976K
Event: 429.962 GC heap after
Heap after GC invocations=697 (full 532):
 def new generation   total 78656K, used 74251K [0x0fc00000, 0x15150000, 0x15150000)
  eden space 69952K, 100% used [0x0fc00000, 0x14050000, 0x14050000)
  from space 8704K,  49% used [0x14050000, 0x14482cf0, 0x148d0000)
  to   space 8704K,   0% used [0x148d0000, 0x148d0000, 0x15150000)
 tenured generation   total 174784K, used 174783K [0x15150000, 0x1fc00000, 0x1fc00000)
   the space 174784K,  99% used [0x15150000, 0x1fbffff0, 0x1fc00000, 0x1fc00000)
 Metaspace       used 105615K, capacity 109085K, committed 110592K, reserved 110976K
}
Event: 430.400 GC heap before
{Heap before GC invocations=697 (full 532):
 def new generation   total 78656K, used 78655K [0x0fc00000, 0x15150000, 0x15150000)
  eden space 69952K, 100% used [0x0fc00000, 0x14050000, 0x14050000)
  from space 8704K,  99% used [0x14050000, 0x148cff90, 0x148d0000)
  to   space 8704K,   0% used [0x148d0000, 0x148d0000, 0x15150000)
 tenured generation   total 174784K, used 174783K [0x15150000, 0x1fc00000, 0x1fc00000)
   the space 174784K,  99% used [0x15150000, 0x1fbffff0, 0x1fc00000, 0x1fc00000)
 Metaspace       used 105666K, capacity 109157K, committed 110720K, reserved 110976K
Event: 430.939 GC heap after
Heap after GC invocations=698 (full 533):
 def new generation   total 78656K, used 74333K [0x0fc00000, 0x15150000, 0x15150000)
  eden space 69952K, 100% used [0x0fc00000, 0x14050000, 0x14050000)
  from space 8704K,  50% used [0x14050000, 0x144977d0, 0x148d0000)
  to   space 8704K,   0% used [0x148d0000, 0x148d0000, 0x15150000)
 tenured generation   total 174784K, used 174783K [0x15150000, 0x1fc00000, 0x1fc00000)
   the space 174784K,  99% used [0x15150000, 0x1fbffff0, 0x1fc00000, 0x1fc00000)
 Metaspace       used 105666K, capacity 109157K, committed 110720K, reserved 110976K
}

