# JRE version: Java(TM) SE Runtime Environment (8.0_45-b15) (build 1.8.0_45-b15)
# Java VM: Java HotSpot(TM) Client VM (25.45-b02 mixed mode windows-x86 )
Heap:
 def new generation   total 78656K, used 78601K [0x05400000, 0x0a950000, 0x0a950000)
  eden space 69952K, 100% used [0x05400000, 0x09850000, 0x09850000)
  from space 8704K,  99% used [0x0a0d0000, 0x0a942688, 0x0a950000)
  to   space 8704K,   0% used [0x09850000, 0x09850000, 0x0a0d0000)
 tenured generation   total 174784K, used 174783K [0x0a950000, 0x15400000, 0x15400000)
   the space 174784K,  99% used [0x0a950000, 0x153fff98, 0x15400000, 0x15400000)
 Metaspace       used 105317K, capacity 108735K, committed 110208K, reserved 110976K
GC Heap History (10 events):
Event: 1108.356 GC heap before
{Heap before GC invocations=684 (full 523):
 def new generation   total 78656K, used 78652K [0x05400000, 0x0a950000, 0x0a950000)
  eden space 69952K, 100% used [0x05400000, 0x09850000, 0x09850000)
  from space 8704K,  99% used [0x0a0d0000, 0x0a94f1c8, 0x0a950000)
  to   space 8704K,   0% used [0x09850000, 0x09850000, 0x0a0d0000)
 tenured generation   total 174784K, used 174783K [0x0a950000, 0x15400000, 0x15400000)
   the space 174784K,  99% used [0x0a950000, 0x153ffff0, 0x15400000, 0x15400000)
 Metaspace       used 105308K, capacity 108737K, committed 110208K, reserved 110976K
Event: 1109.003 GC heap after
Heap after GC invocations=685 (full 524):
 def new generation   total 78656K, used 78431K [0x05400000, 0x0a950000, 0x0a950000)
  eden space 69952K,  99% used [0x05400000, 0x0984a230, 0x09850000)
  from space 8704K,  97% used [0x0a0d0000, 0x0a91dd28, 0x0a950000)
  to   space 8704K,   0% used [0x09850000, 0x09850000, 0x0a0d0000)
 tenured generation   total 174784K, used 174783K [0x0a950000, 0x15400000, 0x15400000)
   the space 174784K,  99% used [0x0a950000, 0x153fff98, 0x15400000, 0x15400000)
 Metaspace       used 105308K, capacity 108737K, committed 110208K, reserved 110976K
}
Event: 1109.005 GC heap before
{Heap before GC invocations=685 (full 524):
 def new generation   total 78656K, used 78646K [0x05400000, 0x0a950000, 0x0a950000)
  eden space 69952K, 100% used [0x05400000, 0x09850000, 0x09850000)
  from space 8704K,  99% used [0x0a0d0000, 0x0a94d930, 0x0a950000)
  to   space 8704K,   0% used [0x09850000, 0x09850000, 0x0a0d0000)
 tenured generation   total 174784K, used 174783K [0x0a950000, 0x15400000, 0x15400000)
   the space 174784K,  99% used [0x0a950000, 0x153fff98, 0x15400000, 0x15400000)
 Metaspace       used 105308K, capacity 108737K, committed 110208K, reserved 110976K
Event: 1109.626 GC heap after
Heap after GC invocations=686 (full 525):
 def new generation   total 78656K, used 78465K [0x05400000, 0x0a950000, 0x0a950000)
  eden space 69952K,  99% used [0x05400000, 0x0984a428, 0x09850000)
  from space 8704K,  98% used [0x0a0d0000, 0x0a9261a8, 0x0a950000)
  to   space 8704K,   0% used [0x09850000, 0x09850000, 0x0a0d0000)
 tenured generation   total 174784K, used 174783K [0x0a950000, 0x15400000, 0x15400000)
   the space 174784K,  99% used [0x0a950000, 0x153fff98, 0x15400000, 0x15400000)
 Metaspace       used 105308K, capacity 108737K, committed 110208K, reserved 110976K
}
Event: 1109.633 GC heap before
{Heap before GC invocations=686 (full 525):
 def new generation   total 78656K, used 78645K [0x05400000, 0x0a950000, 0x0a950000)
  eden space 69952K, 100% used [0x05400000, 0x09850000, 0x09850000)
  from space 8704K,  99% used [0x0a0d0000, 0x0a94d760, 0x0a950000)
  to   space 8704K,   0% used [0x09850000, 0x09850000, 0x0a0d0000)
 tenured generation   total 174784K, used 174783K [0x0a950000, 0x15400000, 0x15400000)
   the space 174784K,  99% used [0x0a950000, 0x153fff98, 0x15400000, 0x15400000)
 Metaspace       used 105316K, capacity 108737K, committed 110208K, reserved 110976K
Event: 1110.207 GC heap after
Heap after GC invocations=687 (full 526):
 def new generation   total 78656K, used 78412K [0x05400000, 0x0a950000, 0x0a950000)
  eden space 69952K,  99% used [0x05400000, 0x0984a378, 0x09850000)
  from space 8704K,  97% used [0x0a0d0000, 0x0a919060, 0x0a950000)
  to   space 8704K,   0% used [0x09850000, 0x09850000, 0x0a0d0000)
 tenured generation   total 174784K, used 174783K [0x0a950000, 0x15400000, 0x15400000)
   the space 174784K,  99% used [0x0a950000, 0x153fff98, 0x15400000, 0x15400000)
 Metaspace       used 105316K, capacity 108737K, committed 110208K, reserved 110976K
}
Event: 1110.207 GC heap before
{Heap before GC invocations=687 (full 526):
 def new generation   total 78656K, used 78412K [0x05400000, 0x0a950000, 0x0a950000)
  eden space 69952K,  99% used [0x05400000, 0x0984a378, 0x09850000)
  from space 8704K,  97% used [0x0a0d0000, 0x0a919060, 0x0a950000)
  to   space 8704K,   0% used [0x09850000, 0x09850000, 0x0a0d0000)
 tenured generation   total 174784K, used 174783K [0x0a950000, 0x15400000, 0x15400000)
   the space 174784K,  99% used [0x0a950000, 0x153fff98, 0x15400000, 0x15400000)
 Metaspace       used 105316K, capacity 108737K, committed 110208K, reserved 110976K
Event: 1110.962 GC heap after
Heap after GC invocations=688 (full 527):
 def new generation   total 78656K, used 78389K [0x05400000, 0x0a950000, 0x0a950000)
  eden space 69952K,  99% used [0x05400000, 0x0984a160, 0x09850000)
  from space 8704K,  97% used [0x0a0d0000, 0x0a9134a0, 0x0a950000)
  to   space 8704K,   0% used [0x09850000, 0x09850000, 0x0a0d0000)
 tenured generation   total 174784K, used 174783K [0x0a950000, 0x15400000, 0x15400000)
   the space 174784K,  99% used [0x0a950000, 0x153fff98, 0x15400000, 0x15400000)
 Metaspace       used 105315K, capacity 108735K, committed 110208K, reserved 110976K
}
Event: 1111.127 GC heap before
{Heap before GC invocations=688 (full 527):
 def new generation   total 78656K, used 78655K [0x05400000, 0x0a950000, 0x0a950000)
  eden space 69952K, 100% used [0x05400000, 0x09850000, 0x09850000)
  from space 8704K,  99% used [0x0a0d0000, 0x0a94ffe8, 0x0a950000)
  to   space 8704K,   0% used [0x09850000, 0x09850000, 0x0a0d0000)
 tenured generation   total 174784K, used 174783K [0x0a950000, 0x15400000, 0x15400000)
   the space 174784K,  99% used [0x0a950000, 0x153fff98, 0x15400000, 0x15400000)
 Metaspace       used 105317K, capacity 108735K, committed 110208K, reserved 110976K
Event: 1112.119 GC heap after
Heap after GC invocations=689 (full 528):
 def new generation   total 78656K, used 78424K [0x05400000, 0x0a950000, 0x0a950000)
  eden space 69952K,  99% used [0x05400000, 0x0984ba88, 0x09850000)
  from space 8704K,  97% used [0x0a0d0000, 0x0a91a748, 0x0a950000)
  to   space 8704K,   0% used [0x09850000, 0x09850000, 0x0a0d0000)
 tenured generation   total 174784K, used 174783K [0x0a950000, 0x15400000, 0x15400000)
   the space 174784K,  99% used [0x0a950000, 0x153fff98, 0x15400000, 0x15400000)
 Metaspace       used 105317K, capacity 108735K, committed 110208K, reserved 110976K
}

