# JRE version: Java(TM) SE Runtime Environment (8.0_45-b15) (build 1.8.0_45-b15)
# Java VM: Java HotSpot(TM) Client VM (25.45-b02 mixed mode windows-x86 )
Heap:
 def new generation   total 78656K, used 78655K [0x0f600000, 0x14b50000, 0x14b50000)
  eden space 69952K, 100% used [0x0f600000, 0x13a50000, 0x13a50000)
  from space 8704K,  99% used [0x142d0000, 0x14b4ffe8, 0x14b50000)
  to   space 8704K,   0% used [0x13a50000, 0x13a50000, 0x142d0000)
 tenured generation   total 174784K, used 174783K [0x14b50000, 0x1f600000, 0x1f600000)
   the space 174784K,  99% used [0x14b50000, 0x1f5ffff0, 0x1f600000, 0x1f600000)
 Metaspace       used 105402K, capacity 108866K, committed 110464K, reserved 110976K
GC Heap History (10 events):
Event: 558.374 GC heap before
{Heap before GC invocations=908 (full 751):
 def new generation   total 78656K, used 78651K [0x0f600000, 0x14b50000, 0x14b50000)
  eden space 69952K,  99% used [0x0f600000, 0x13a4f5b0, 0x13a50000)
  from space 8704K,  99% used [0x142d0000, 0x14b4fa18, 0x14b50000)
  to   space 8704K,   0% used [0x13a50000, 0x13a50000, 0x142d0000)
 tenured generation   total 174784K, used 174783K [0x14b50000, 0x1f600000, 0x1f600000)
   the space 174784K,  99% used [0x14b50000, 0x1f5ffff0, 0x1f600000, 0x1f600000)
 Metaspace       used 105401K, capacity 108834K, committed 110336K, reserved 110976K
Event: 558.848 GC heap after
Heap after GC invocations=909 (full 752):
 def new generation   total 78656K, used 78588K [0x0f600000, 0x14b50000, 0x14b50000)
  eden space 69952K,  99% used [0x0f600000, 0x13a4ca68, 0x13a50000)
  from space 8704K,  99% used [0x142d0000, 0x14b42820, 0x14b50000)
  to   space 8704K,   0% used [0x13a50000, 0x13a50000, 0x142d0000)
 tenured generation   total 174784K, used 174783K [0x14b50000, 0x1f600000, 0x1f600000)
   the space 174784K,  99% used [0x14b50000, 0x1f5ffff0, 0x1f600000, 0x1f600000)
 Metaspace       used 105401K, capacity 108834K, committed 110336K, reserved 110976K
}
Event: 558.849 GC heap before
{Heap before GC invocations=909 (full 752):
 def new generation   total 78656K, used 78656K [0x0f600000, 0x14b50000, 0x14b50000)
  eden space 69952K, 100% used [0x0f600000, 0x13a50000, 0x13a50000)
  from space 8704K, 100% used [0x142d0000, 0x14b50000, 0x14b50000)
  to   space 8704K,   0% used [0x13a50000, 0x13a50000, 0x142d0000)
 tenured generation   total 174784K, used 174783K [0x14b50000, 0x1f600000, 0x1f600000)
   the space 174784K,  99% used [0x14b50000, 0x1f5ffff0, 0x1f600000, 0x1f600000)
 Metaspace       used 105401K, capacity 108834K, committed 110336K, reserved 110976K
Event: 559.327 GC heap after
Heap after GC invocations=910 (full 753):
 def new generation   total 78656K, used 78587K [0x0f600000, 0x14b50000, 0x14b50000)
  eden space 69952K,  99% used [0x0f600000, 0x13a4bc28, 0x13a50000)
  from space 8704K,  99% used [0x142d0000, 0x14b433a0, 0x14b50000)
  to   space 8704K,   0% used [0x13a50000, 0x13a50000, 0x142d0000)
 tenured generation   total 174784K, used 174783K [0x14b50000, 0x1f600000, 0x1f600000)
   the space 174784K,  99% used [0x14b50000, 0x1f5ffff0, 0x1f600000, 0x1f600000)
 Metaspace       used 105401K, capacity 108834K, committed 110336K, reserved 110976K
}
Event: 559.328 GC heap before
{Heap before GC invocations=910 (full 753):
 def new generation   total 78656K, used 78655K [0x0f600000, 0x14b50000, 0x14b50000)
  eden space 69952K, 100% used [0x0f600000, 0x13a50000, 0x13a50000)
  from space 8704K,  99% used [0x142d0000, 0x14b4ff48, 0x14b50000)
  to   space 8704K,   0% used [0x13a50000, 0x13a50000, 0x142d0000)
 tenured generation   total 174784K, used 174783K [0x14b50000, 0x1f600000, 0x1f600000)
   the space 174784K,  99% used [0x14b50000, 0x1f5ffff0, 0x1f600000, 0x1f600000)
 Metaspace       used 105401K, capacity 108834K, committed 110336K, reserved 110976K
Event: 559.820 GC heap after
Heap after GC invocations=911 (full 754):
 def new generation   total 78656K, used 78587K [0x0f600000, 0x14b50000, 0x14b50000)
  eden space 69952K,  99% used [0x0f600000, 0x13a4c528, 0x13a50000)
  from space 8704K,  99% used [0x142d0000, 0x14b42870, 0x14b50000)
  to   space 8704K,   0% used [0x13a50000, 0x13a50000, 0x142d0000)
 tenured generation   total 174784K, used 174783K [0x14b50000, 0x1f600000, 0x1f600000)
   the space 174784K,  99% used [0x14b50000, 0x1f5ffff0, 0x1f600000, 0x1f600000)
 Metaspace       used 105401K, capacity 108834K, committed 110336K, reserved 110976K
}
Event: 559.821 GC heap before
{Heap before GC invocations=911 (full 754):
 def new generation   total 78656K, used 78605K [0x0f600000, 0x14b50000, 0x14b50000)
  eden space 69952K, 100% used [0x0f600000, 0x13a50000, 0x13a50000)
  from space 8704K,  99% used [0x142d0000, 0x14b43638, 0x14b50000)
  to   space 8704K,   0% used [0x13a50000, 0x13a50000, 0x142d0000)
 tenured generation   total 174784K, used 174783K [0x14b50000, 0x1f600000, 0x1f600000)
   the space 174784K,  99% used [0x14b50000, 0x1f5ffff0, 0x1f600000, 0x1f600000)
 Metaspace       used 105402K, capacity 108866K, committed 110464K, reserved 110976K
Event: 560.293 GC heap after
Heap after GC invocations=912 (full 755):
 def new generation   total 78656K, used 78529K [0x0f600000, 0x14b50000, 0x14b50000)
  eden space 69952K,  99% used [0x0f600000, 0x13a4c820, 0x13a50000)
  from space 8704K,  98% used [0x142d0000, 0x14b33d30, 0x14b50000)
  to   space 8704K,   0% used [0x13a50000, 0x13a50000, 0x142d0000)
 tenured generation   total 174784K, used 174783K [0x14b50000, 0x1f600000, 0x1f600000)
   the space 174784K,  99% used [0x14b50000, 0x1f5ffff0, 0x1f600000, 0x1f600000)
 Metaspace       used 105402K, capacity 108866K, committed 110464K, reserved 110976K
}
Event: 560.293 GC heap before
{Heap before GC invocations=912 (full 755):
 def new generation   total 78656K, used 78529K [0x0f600000, 0x14b50000, 0x14b50000)
  eden space 69952K,  99% used [0x0f600000, 0x13a4c820, 0x13a50000)
  from space 8704K,  98% used [0x142d0000, 0x14b33d30, 0x14b50000)
  to   space 8704K,   0% used [0x13a50000, 0x13a50000, 0x142d0000)
 tenured generation   total 174784K, used 174783K [0x14b50000, 0x1f600000, 0x1f600000)
   the space 174784K,  99% used [0x14b50000, 0x1f5ffff0, 0x1f600000, 0x1f600000)
 Metaspace       used 105402K, capacity 108866K, committed 110464K, reserved 110976K
Event: 560.772 GC heap after
Heap after GC invocations=913 (full 756):
 def new generation   total 78656K, used 78524K [0x0f600000, 0x14b50000, 0x14b50000)
  eden space 69952K,  99% used [0x0f600000, 0x13a4c138, 0x13a50000)
  from space 8704K,  98% used [0x142d0000, 0x14b331a8, 0x14b50000)
  to   space 8704K,   0% used [0x13a50000, 0x13a50000, 0x142d0000)
 tenured generation   total 174784K, used 174783K [0x14b50000, 0x1f600000, 0x1f600000)
   the space 174784K,  99% used [0x14b50000, 0x1f5ffff0, 0x1f600000, 0x1f600000)
 Metaspace       used 105402K, capacity 108866K, committed 110464K, reserved 110976K
}

