# JRE version: Java(TM) SE Runtime Environment (8.0_45-b15) (build 1.8.0_45-b15)
# Java VM: Java HotSpot(TM) Client VM (25.45-b02 mixed mode windows-x86 )
Heap:
 def new generation   total 78656K, used 78638K [0x04e00000, 0x0a350000, 0x0a350000)
  eden space 69952K, 100% used [0x04e00000, 0x09250000, 0x09250000)
  from space 8704K,  99% used [0x09250000, 0x09acb808, 0x09ad0000)
  to   space 8704K,   0% used [0x09ad0000, 0x09ad0000, 0x0a350000)
 tenured generation   total 174784K, used 174784K [0x0a350000, 0x14e00000, 0x14e00000)
   the space 174784K, 100% used [0x0a350000, 0x14e00000, 0x14e00000, 0x14e00000)
 Metaspace       used 108919K, capacity 112622K, committed 113024K, reserved 113024K
GC Heap History (10 events):
Event: 2160.119 GC heap before
{Heap before GC invocations=4017 (full 3858):
 def new generation   total 78656K, used 78655K [0x04e00000, 0x0a350000, 0x0a350000)
  eden space 69952K, 100% used [0x04e00000, 0x09250000, 0x09250000)
  from space 8704K,  99% used [0x09250000, 0x09acfff0, 0x09ad0000)
  to   space 8704K,   0% used [0x09ad0000, 0x09ad0000, 0x0a350000)
 tenured generation   total 174784K, used 174784K [0x0a350000, 0x14e00000, 0x14e00000)
   the space 174784K, 100% used [0x0a350000, 0x14e00000, 0x14e00000, 0x14e00000)
 Metaspace       used 108917K, capacity 112617K, committed 113024K, reserved 113024K
Event: 2160.614 GC heap after
Heap after GC invocations=4018 (full 3859):
 def new generation   total 78656K, used 78639K [0x04e00000, 0x0a350000, 0x0a350000)
  eden space 69952K,  99% used [0x04e00000, 0x0924ffc0, 0x09250000)
  from space 8704K,  99% used [0x09250000, 0x09acbd18, 0x09ad0000)
  to   space 8704K,   0% used [0x09ad0000, 0x09ad0000, 0x0a350000)
 tenured generation   total 174784K, used 174784K [0x0a350000, 0x14e00000, 0x14e00000)
   the space 174784K, 100% used [0x0a350000, 0x14e00000, 0x14e00000, 0x14e00000)
 Metaspace       used 108917K, capacity 112617K, committed 113024K, reserved 113024K
}
Event: 2160.615 GC heap before
{Heap before GC invocations=4018 (full 3859):
 def new generation   total 78656K, used 78655K [0x04e00000, 0x0a350000, 0x0a350000)
  eden space 69952K, 100% used [0x04e00000, 0x09250000, 0x09250000)
  from space 8704K,  99% used [0x09250000, 0x09acfff8, 0x09ad0000)
  to   space 8704K,   0% used [0x09ad0000, 0x09ad0000, 0x0a350000)
 tenured generation   total 174784K, used 174784K [0x0a350000, 0x14e00000, 0x14e00000)
   the space 174784K, 100% used [0x0a350000, 0x14e00000, 0x14e00000, 0x14e00000)
 Metaspace       used 108917K, capacity 112617K, committed 113024K, reserved 113024K
Event: 2161.226 GC heap after
Heap after GC invocations=4019 (full 3860):
 def new generation   total 78656K, used 78577K [0x04e00000, 0x0a350000, 0x0a350000)
  eden space 69952K,  99% used [0x04e00000, 0x0924fff8, 0x09250000)
  from space 8704K,  99% used [0x09250000, 0x09abc610, 0x09ad0000)
  to   space 8704K,   0% used [0x09ad0000, 0x09ad0000, 0x0a350000)
 tenured generation   total 174784K, used 174784K [0x0a350000, 0x14e00000, 0x14e00000)
   the space 174784K, 100% used [0x0a350000, 0x14e00000, 0x14e00000, 0x14e00000)
 Metaspace       used 108917K, capacity 112617K, committed 113024K, reserved 113024K
}
Event: 2161.229 GC heap before
{Heap before GC invocations=4019 (full 3860):
 def new generation   total 78656K, used 78655K [0x04e00000, 0x0a350000, 0x0a350000)
  eden space 69952K,  99% used [0x04e00000, 0x0924fff8, 0x09250000)
  from space 8704K,  99% used [0x09250000, 0x09acfeb0, 0x09ad0000)
  to   space 8704K,   0% used [0x09ad0000, 0x09ad0000, 0x0a350000)
 tenured generation   total 174784K, used 174784K [0x0a350000, 0x14e00000, 0x14e00000)
   the space 174784K, 100% used [0x0a350000, 0x14e00000, 0x14e00000, 0x14e00000)
 Metaspace       used 108917K, capacity 112617K, committed 113024K, reserved 113024K
Event: 2161.716 GC heap after
Heap after GC invocations=4020 (full 3861):
 def new generation   total 78656K, used 78574K [0x04e00000, 0x0a350000, 0x0a350000)
  eden space 69952K,  99% used [0x04e00000, 0x0924fff8, 0x09250000)
  from space 8704K,  99% used [0x09250000, 0x09abbab0, 0x09ad0000)
  to   space 8704K,   0% used [0x09ad0000, 0x09ad0000, 0x0a350000)
 tenured generation   total 174784K, used 174784K [0x0a350000, 0x14e00000, 0x14e00000)
   the space 174784K, 100% used [0x0a350000, 0x14e00000, 0x14e00000, 0x14e00000)
 Metaspace       used 108917K, capacity 112617K, committed 113024K, reserved 113024K
}
Event: 2161.926 GC heap before
{Heap before GC invocations=4020 (full 3861):
 def new generation   total 78656K, used 78655K [0x04e00000, 0x0a350000, 0x0a350000)
  eden space 69952K, 100% used [0x04e00000, 0x09250000, 0x09250000)
  from space 8704K,  99% used [0x09250000, 0x09acffe8, 0x09ad0000)
  to   space 8704K,   0% used [0x09ad0000, 0x09ad0000, 0x0a350000)
 tenured generation   total 174784K, used 174784K [0x0a350000, 0x14e00000, 0x14e00000)
   the space 174784K, 100% used [0x0a350000, 0x14e00000, 0x14e00000, 0x14e00000)
 Metaspace       used 108918K, capacity 112620K, committed 113024K, reserved 113024K
Event: 2162.480 GC heap after
Heap after GC invocations=4021 (full 3862):
 def new generation   total 78656K, used 78564K [0x04e00000, 0x0a350000, 0x0a350000)
  eden space 69952K,  99% used [0x04e00000, 0x0924ffc8, 0x09250000)
  from space 8704K,  98% used [0x09250000, 0x09ab9400, 0x09ad0000)
  to   space 8704K,   0% used [0x09ad0000, 0x09ad0000, 0x0a350000)
 tenured generation   total 174784K, used 174784K [0x0a350000, 0x14e00000, 0x14e00000)
   the space 174784K, 100% used [0x0a350000, 0x14e00000, 0x14e00000, 0x14e00000)
 Metaspace       used 108918K, capacity 112620K, committed 113024K, reserved 113024K
}
Event: 2162.485 GC heap before
{Heap before GC invocations=4021 (full 3862):
 def new generation   total 78656K, used 78655K [0x04e00000, 0x0a350000, 0x0a350000)
  eden space 69952K,  99% used [0x04e00000, 0x0924fff8, 0x09250000)
  from space 8704K,  99% used [0x09250000, 0x09acffb0, 0x09ad0000)
  to   space 8704K,   0% used [0x09ad0000, 0x09ad0000, 0x0a350000)
 tenured generation   total 174784K, used 174784K [0x0a350000, 0x14e00000, 0x14e00000)
   the space 174784K, 100% used [0x0a350000, 0x14e00000, 0x14e00000, 0x14e00000)
 Metaspace       used 108919K, capacity 112622K, committed 113024K, reserved 113024K
Event: 2162.957 GC heap after
Heap after GC invocations=4022 (full 3863):
 def new generation   total 78656K, used 78564K [0x04e00000, 0x0a350000, 0x0a350000)
  eden space 69952K,  99% used [0x04e00000, 0x0924fff8, 0x09250000)
  from space 8704K,  98% used [0x09250000, 0x09ab9240, 0x09ad0000)
  to   space 8704K,   0% used [0x09ad0000, 0x09ad0000, 0x0a350000)
 tenured generation   total 174784K, used 174784K [0x0a350000, 0x14e00000, 0x14e00000)
   the space 174784K, 100% used [0x0a350000, 0x14e00000, 0x14e00000, 0x14e00000)
 Metaspace       used 108919K, capacity 112622K, committed 113024K, reserved 113024K
}

