# JRE version: Java(TM) SE Runtime Environment (8.0_45-b15) (build 1.8.0_45-b15)
# Java VM: Java HotSpot(TM) Client VM (25.45-b02 mixed mode windows-x86 )
Heap:
 def new generation   total 78656K, used 78655K [0x05200000, 0x0a750000, 0x0a750000)
  eden space 69952K, 100% used [0x05200000, 0x09650000, 0x09650000)
  from space 8704K,  99% used [0x09ed0000, 0x0a74ff80, 0x0a750000)
  to   space 8704K,   0% used [0x09650000, 0x09650000, 0x09ed0000)
 tenured generation   total 174784K, used 174784K [0x0a750000, 0x15200000, 0x15200000)
   the space 174784K, 100% used [0x0a750000, 0x15200000, 0x15200000, 0x15200000)
 Metaspace       used 111178K, capacity 116555K, committed 116608K, reserved 117120K
GC Heap History (10 events):
Event: 4165.769 GC heap before
{Heap before GC invocations=2238 (full 2070):
 def new generation   total 78656K, used 78655K [0x05200000, 0x0a750000, 0x0a750000)
  eden space 69952K, 100% used [0x05200000, 0x09650000, 0x09650000)
  from space 8704K,  99% used [0x09ed0000, 0x0a74fff8, 0x0a750000)
  to   space 8704K,   0% used [0x09650000, 0x09650000, 0x09ed0000)
 tenured generation   total 174784K, used 174783K [0x0a750000, 0x15200000, 0x15200000)
   the space 174784K,  99% used [0x0a750000, 0x151fffd0, 0x15200000, 0x15200000)
 Metaspace       used 111178K, capacity 116555K, committed 116608K, reserved 117120K
Event: 4166.274 GC heap after
Heap after GC invocations=2239 (full 2071):
 def new generation   total 78656K, used 78655K [0x05200000, 0x0a750000, 0x0a750000)
  eden space 69952K,  99% used [0x05200000, 0x0964ff18, 0x09650000)
  from space 8704K,  99% used [0x09ed0000, 0x0a74fff8, 0x0a750000)
  to   space 8704K,   0% used [0x09650000, 0x09650000, 0x09ed0000)
 tenured generation   total 174784K, used 174783K [0x0a750000, 0x15200000, 0x15200000)
   the space 174784K,  99% used [0x0a750000, 0x151fffd0, 0x15200000, 0x15200000)
 Metaspace       used 111178K, capacity 116555K, committed 116608K, reserved 117120K
}
Event: 4166.275 GC heap before
{Heap before GC invocations=2239 (full 2071):
 def new generation   total 78656K, used 78655K [0x05200000, 0x0a750000, 0x0a750000)
  eden space 69952K, 100% used [0x05200000, 0x09650000, 0x09650000)
  from space 8704K,  99% used [0x09ed0000, 0x0a74fff8, 0x0a750000)
  to   space 8704K,   0% used [0x09650000, 0x09650000, 0x09ed0000)
 tenured generation   total 174784K, used 174783K [0x0a750000, 0x15200000, 0x15200000)
   the space 174784K,  99% used [0x0a750000, 0x151fffd0, 0x15200000, 0x15200000)
 Metaspace       used 111178K, capacity 116555K, committed 116608K, reserved 117120K
Event: 4166.789 GC heap after
Heap after GC invocations=2240 (full 2072):
 def new generation   total 78656K, used 78655K [0x05200000, 0x0a750000, 0x0a750000)
  eden space 69952K,  99% used [0x05200000, 0x0964ffd0, 0x09650000)
  from space 8704K,  99% used [0x09ed0000, 0x0a74ff68, 0x0a750000)
  to   space 8704K,   0% used [0x09650000, 0x09650000, 0x09ed0000)
 tenured generation   total 174784K, used 174783K [0x0a750000, 0x15200000, 0x15200000)
   the space 174784K,  99% used [0x0a750000, 0x151fffd0, 0x15200000, 0x15200000)
 Metaspace       used 111178K, capacity 116555K, committed 116608K, reserved 117120K
}
Event: 4166.790 GC heap before
{Heap before GC invocations=2240 (full 2072):
 def new generation   total 78656K, used 78655K [0x05200000, 0x0a750000, 0x0a750000)
  eden space 69952K, 100% used [0x05200000, 0x09650000, 0x09650000)
  from space 8704K,  99% used [0x09ed0000, 0x0a74fff8, 0x0a750000)
  to   space 8704K,   0% used [0x09650000, 0x09650000, 0x09ed0000)
 tenured generation   total 174784K, used 174783K [0x0a750000, 0x15200000, 0x15200000)
   the space 174784K,  99% used [0x0a750000, 0x151fffd0, 0x15200000, 0x15200000)
 Metaspace       used 111178K, capacity 116555K, committed 116608K, reserved 117120K
Event: 4167.291 GC heap after
Heap after GC invocations=2241 (full 2073):
 def new generation   total 78656K, used 78655K [0x05200000, 0x0a750000, 0x0a750000)
  eden space 69952K,  99% used [0x05200000, 0x0964ffe0, 0x09650000)
  from space 8704K,  99% used [0x09ed0000, 0x0a74fff8, 0x0a750000)
  to   space 8704K,   0% used [0x09650000, 0x09650000, 0x09ed0000)
 tenured generation   total 174784K, used 174783K [0x0a750000, 0x15200000, 0x15200000)
   the space 174784K,  99% used [0x0a750000, 0x151fffd0, 0x15200000, 0x15200000)
 Metaspace       used 111178K, capacity 116555K, committed 116608K, reserved 117120K
}
Event: 4167.291 GC heap before
{Heap before GC invocations=2241 (full 2073):
 def new generation   total 78656K, used 78655K [0x05200000, 0x0a750000, 0x0a750000)
  eden space 69952K,  99% used [0x05200000, 0x0964ffe0, 0x09650000)
  from space 8704K,  99% used [0x09ed0000, 0x0a74fff8, 0x0a750000)
  to   space 8704K,   0% used [0x09650000, 0x09650000, 0x09ed0000)
 tenured generation   total 174784K, used 174783K [0x0a750000, 0x15200000, 0x15200000)
   the space 174784K,  99% used [0x0a750000, 0x151fffd0, 0x15200000, 0x15200000)
 Metaspace       used 111178K, capacity 116555K, committed 116608K, reserved 117120K
Event: 4167.833 GC heap after
Heap after GC invocations=2242 (full 2074):
 def new generation   total 78656K, used 78655K [0x05200000, 0x0a750000, 0x0a750000)
  eden space 69952K,  99% used [0x05200000, 0x0964ffe0, 0x09650000)
  from space 8704K,  99% used [0x09ed0000, 0x0a74fff8, 0x0a750000)
  to   space 8704K,   0% used [0x09650000, 0x09650000, 0x09ed0000)
 tenured generation   total 174784K, used 174783K [0x0a750000, 0x15200000, 0x15200000)
   the space 174784K,  99% used [0x0a750000, 0x151fffd0, 0x15200000, 0x15200000)
 Metaspace       used 111178K, capacity 116555K, committed 116608K, reserved 117120K
}
Event: 4167.834 GC heap before
{Heap before GC invocations=2242 (full 2074):
 def new generation   total 78656K, used 78655K [0x05200000, 0x0a750000, 0x0a750000)
  eden space 69952K, 100% used [0x05200000, 0x09650000, 0x09650000)
  from space 8704K,  99% used [0x09ed0000, 0x0a74fff8, 0x0a750000)
  to   space 8704K,   0% used [0x09650000, 0x09650000, 0x09ed0000)
 tenured generation   total 174784K, used 174784K [0x0a750000, 0x15200000, 0x15200000)
   the space 174784K, 100% used [0x0a750000, 0x15200000, 0x15200000, 0x15200000)
 Metaspace       used 111178K, capacity 116555K, committed 116608K, reserved 117120K
Event: 4168.338 GC heap after
Heap after GC invocations=2243 (full 2075):
 def new generation   total 78656K, used 78110K [0x05200000, 0x0a750000, 0x0a750000)
  eden space 69952K,  99% used [0x05200000, 0x0964bbd0, 0x09650000)
  from space 8704K,  93% used [0x09ed0000, 0x0a6cbfe8, 0x0a750000)
  to   space 8704K,   0% used [0x09650000, 0x09650000, 0x09ed0000)
 tenured generation   total 174784K, used 174784K [0x0a750000, 0x15200000, 0x15200000)
   the space 174784K, 100% used [0x0a750000, 0x15200000, 0x15200000, 0x15200000)
 Metaspace       used 111178K, capacity 116555K, committed 116608K, reserved 117120K
}

